\BOOKMARK [1][-]{section.1}{Introduction}{}% 1
\BOOKMARK [2][-]{subsection.1.1}{Motivation}{section.1}% 2
\BOOKMARK [3][-]{subsubsection.1.1.1}{Dynamic\040Optimisation}{subsection.1.1}% 3
\BOOKMARK [3][-]{subsubsection.1.1.2}{Imperial\040College\040London\040Optimal\040Control\040Software\040\(ICLOCS\)}{subsection.1.1}% 4
\BOOKMARK [3][-]{subsubsection.1.1.3}{Julia}{subsection.1.1}% 5
\BOOKMARK [1][-]{section.2}{Mathematical\040Background}{}% 6
\BOOKMARK [2][-]{subsection.2.1}{Dynamic\040optimisation\040problem\040formulation}{section.2}% 7
\BOOKMARK [3][-]{subsubsection.2.1.1}{Nonlinear\040programming\040problem}{subsection.2.1}% 8
\BOOKMARK [3][-]{subsubsection.2.1.2}{System\040dynamics}{subsection.2.1}% 9
\BOOKMARK [3][-]{subsubsection.2.1.3}{Boundary\040and\040path\040constraints}{subsection.2.1}% 10
\BOOKMARK [3][-]{subsubsection.2.1.4}{Objective\040function}{subsection.2.1}% 11
\BOOKMARK [2][-]{subsection.2.2}{The\040pseudospectral\040method}{section.2}% 12
\BOOKMARK [2][-]{subsection.2.3}{Lagrange\040polynomials}{section.2}% 13
\BOOKMARK [3][-]{subsubsection.2.3.1}{Differentiation\040matrix}{subsection.2.3}% 14
\BOOKMARK [2][-]{subsection.2.4}{Julia\040Packages}{section.2}% 15
\BOOKMARK [3][-]{subsubsection.2.4.1}{JuMP.jl}{subsection.2.4}% 16
\BOOKMARK [3][-]{subsubsection.2.4.2}{Polynomials.jl}{subsection.2.4}% 17
\BOOKMARK [1][-]{section.3}{Project\040Ethos}{}% 18
\BOOKMARK [2][-]{subsection.3.1}{Code\040structure\040must\040be\040modular}{section.3}% 19
\BOOKMARK [2][-]{subsection.3.2}{Code\040must\040be\040sufficiently\040verbose\040when\040handling\040errors}{section.3}% 20
\BOOKMARK [2][-]{subsection.3.3}{Code\040must\040verify\040data\040before\040computation}{section.3}% 21
\BOOKMARK [2][-]{subsection.3.4}{The\040final\040package\040must\040be\040user\040extensible\040and\040have\040the\040ability\040to\040support\040multiple\040solvers}{section.3}% 22
\BOOKMARK [2][-]{subsection.3.5}{Location\040of\040mesh\040points\040for\040each\040state\040must\040be\040independent\040of\040other\040states}{section.3}% 23
\BOOKMARK [2][-]{subsection.3.6}{The\040MorePolynomials\040package\040must\040interface\040well\040with\040the\040existing\040Polynomials\040package}{section.3}% 24
\BOOKMARK [1][-]{section.4}{Results\040and\040Discussion}{}% 25
\BOOKMARK [2][-]{subsection.4.1}{MorePolynomials.jl}{section.4}% 26
\BOOKMARK [3][-]{subsubsection.4.1.1}{Lagrange\040Implementation}{subsection.4.1}% 27
\BOOKMARK [3][-]{subsubsection.4.1.2}{Low\040order\040Vendemonde\040methods}{subsection.4.1}% 28
\BOOKMARK [3][-]{subsubsection.4.1.3}{Piecewise\040Polynomials}{subsection.4.1}% 29
\BOOKMARK [3][-]{subsubsection.4.1.4}{User\040interface}{subsection.4.1}% 30
\BOOKMARK [3][-]{subsubsection.4.1.5}{Error\040handling}{subsection.4.1}% 31
\BOOKMARK [3][-]{subsubsection.4.1.6}{Benchmarking\040and\040performance\040gains}{subsection.4.1}% 32
\BOOKMARK [2][-]{subsection.4.2}{JuDO.jl}{section.4}% 33
\BOOKMARK [1][-]{section.5}{Documentation}{}% 34
\BOOKMARK [1][-]{section.6}{Next\040steps}{}% 35
